<?xml version="1.0" encoding="UTF-8"?>
<!-- Generated by org.testng.reporters.JUnitReportReporter -->
<testsuite skipped="0" hostname="administrator-Latitude-3450" name="qaclickacademy.AppiumTest" tests="1" failures="0" timestamp="2021-10-24T11:47:41 IST" time="0.001" errors="0">
  <testcase name="IOStesting" time="0.001" classname="qaclickacademy.AppiumTest"/>
  <system-out/>
</testsuite> <!-- qaclickacademy.AppiumTest -->
